<?xml version="1.0" encoding="UTF-8"?>
<testsuite name="testing01.StringTest$EmptyString" tests="1" skipped="0" failures="0" errors="0" timestamp="2021-07-25T07:09:39" hostname="mm" time="0.07">
  <properties/>
  <testcase name="stringLength()" classname="testing01.StringTest$EmptyString" time="0.07"/>
  <system-out><![CDATA[### stringLength() ###
]]></system-out>
  <system-err><![CDATA[]]></system-err>
</testsuite>
