<?xml version="1.0" encoding="UTF-8"?>
<testsuite name="com.manas.calculator.CalculatorTest" tests="1" skipped="0" failures="0" errors="0" timestamp="2021-07-23T07:29:38" hostname="mm" time="0.029">
  <properties/>
  <testcase name="testAdd()" classname="com.manas.calculator.CalculatorTest" time="0.029"/>
  <system-out><![CDATA[]]></system-out>
  <system-err><![CDATA[]]></system-err>
</testsuite>
